Watching for file changes with StatReloader
C:\Users\Windows 10\OneDrive\Desktop\findasolicitor-1\backend\apps\reviews\serializers.py changed, reloading.
Watching for file changes with StatReloader
Not Found: /
[25/Mar/2026 15:11:31] "GET / HTTP/1.1" 404 3074
Not Found: /favicon.ico
[25/Mar/2026 15:11:33] "GET /favicon.ico HTTP/1.1" 404 3125
Not Found: /
[25/Mar/2026 16:30:29] "GET / HTTP/1.1" 404 3074
Not Found: /
[25/Mar/2026 16:30:43] "GET / HTTP/1.1" 404 3074
[25/Mar/2026 16:31:48] "OPTIONS /api/auth/login/ HTTP/1.1" 200 0
[25/Mar/2026 16:31:48] "OPTIONS /api/auth/login/ HTTP/1.1" 200 0
[25/Mar/2026 16:31:48] "GET /api/solicitors/ HTTP/1.1" 200 75497
[25/Mar/2026 16:31:51] "POST /api/auth/login/ HTTP/1.1" 200 643
[25/Mar/2026 16:31:51] "OPTIONS /api/auth/me/ HTTP/1.1" 200 0
C:\Users\Windows 10\OneDrive\Desktop\findasolicitor-1\backend\.venv\Lib\site-packages\jwt\api_jwt.py:365: InsecureKeyLengthWarning: The HMAC key is 9 bytes long, which is below the minimum recommended length of 32 bytes for SHA256. See RFC 7518 Section 3.2.
  decoded = self.decode_complete(
C:\Users\Windows 10\OneDrive\Desktop\findasolicitor-1\backend\.venv\Lib\site-packages\jwt\api_jwt.py:147: InsecureKeyLengthWarning: The HMAC key is 9 bytes long, which is below the minimum recommended length of 32 bytes for SHA256. See RFC 7518 Section 3.2.
  return self._jws.encode(
[25/Mar/2026 16:31:51] "GET /api/auth/me/ HTTP/1.1" 200 231
[25/Mar/2026 16:31:51] "POST /api/auth/login/ HTTP/1.1" 200 643
[25/Mar/2026 16:31:51] "GET /api/auth/me/ HTTP/1.1" 200 231
[25/Mar/2026 16:36:31] "GET /admin HTTP/1.1" 301 0
[25/Mar/2026 16:36:31] "GET /admin/ HTTP/1.1" 302 0
[25/Mar/2026 16:36:33] "GET /admin/login/?next=/admin/ HTTP/1.1" 200 4170
[25/Mar/2026 16:36:34] "GET /static/admin/css/dark_mode.css HTTP/1.1" 200 2808
[25/Mar/2026 16:36:34] "GET /static/admin/css/nav_sidebar.css HTTP/1.1" 200 2810
[25/Mar/2026 16:36:34] "GET /static/admin/css/base.css HTTP/1.1" 200 22120
[25/Mar/2026 16:36:34] "GET /static/admin/css/login.css HTTP/1.1" 200 951
[25/Mar/2026 16:36:34] "GET /static/admin/css/responsive.css HTTP/1.1" 200 16565
[25/Mar/2026 16:36:35] "GET /static/admin/js/theme.js HTTP/1.1" 200 1653
[25/Mar/2026 16:36:35] "GET /static/admin/js/nav_sidebar.js HTTP/1.1" 200 3063
[25/Mar/2026 16:36:54] "POST /admin/login/?next=/admin/ HTTP/1.1" 302 0
[25/Mar/2026 16:36:54] "GET /admin/ HTTP/1.1" 200 7942
[25/Mar/2026 16:36:55] "GET /static/admin/css/dashboard.css HTTP/1.1" 200 441
[25/Mar/2026 16:36:55] "GET /static/admin/img/icon-addlink.svg HTTP/1.1" 200 331
[25/Mar/2026 16:36:55] "GET /static/admin/img/icon-changelink.svg HTTP/1.1" 200 380
[25/Mar/2026 16:37:04] "GET /admin/accounts/user/ HTTP/1.1" 200 64563
[25/Mar/2026 16:37:04] "GET /static/admin/css/changelists.css HTTP/1.1" 200 6878
[25/Mar/2026 16:37:04] "GET /static/admin/js/jquery.init.js HTTP/1.1" 200 347
[25/Mar/2026 16:37:05] "GET /admin/jsi18n/ HTTP/1.1" 200 5754
[25/Mar/2026 16:37:05] "GET /static/admin/js/admin/RelatedObjectLookups.js HTTP/1.1" 200 9777
[25/Mar/2026 16:37:05] "GET /static/admin/js/core.js HTTP/1.1" 200 6208
[25/Mar/2026 16:37:05] "GET /static/admin/js/urlify.js HTTP/1.1" 200 7887
[25/Mar/2026 16:37:05] "GET /static/admin/js/prepopulate.js HTTP/1.1" 200 1531
[25/Mar/2026 16:37:05] "GET /static/admin/img/search.svg HTTP/1.1" 200 458
[25/Mar/2026 16:37:05] "GET /static/admin/js/actions.js HTTP/1.1" 200 8076
[25/Mar/2026 16:37:05] "GET /static/admin/img/icon-yes.svg HTTP/1.1" 200 436
[25/Mar/2026 16:37:05] "GET /static/admin/js/vendor/jquery/jquery.js HTTP/1.1" 200 285314
[25/Mar/2026 16:37:05] "GET /static/admin/img/icon-no.svg HTTP/1.1" 200 560
[25/Mar/2026 16:37:06] "GET /static/admin/js/filters.js HTTP/1.1" 200 978
[25/Mar/2026 16:37:06] "GET /static/admin/js/vendor/xregexp/xregexp.js HTTP/1.1" 200 325171
[25/Mar/2026 16:37:06] "GET /static/admin/img/tooltag-add.svg HTTP/1.1" 200 331
[25/Mar/2026 16:37:06] "GET /static/admin/img/sorting-icons.svg HTTP/1.1" 200 1097
[25/Mar/2026 16:37:07] "GET /static/admin/img/icon-viewlink.svg HTTP/1.1" 200 581
[25/Mar/2026 16:37:15] "GET /admin/accounts/user/2/change/ HTTP/1.1" 200 31312
[25/Mar/2026 16:37:15] "GET /admin/jsi18n/ HTTP/1.1" 200 5754
[25/Mar/2026 16:37:15] "GET /static/admin/css/forms.css HTTP/1.1" 200 8525
[25/Mar/2026 16:37:15] "GET /static/admin/js/calendar.js HTTP/1.1" 200 9141
[25/Mar/2026 16:37:16] "GET /static/admin/js/prepopulate_init.js HTTP/1.1" 200 586
[25/Mar/2026 16:37:16] "GET /static/admin/js/admin/DateTimeShortcuts.js HTTP/1.1" 200 19319
[25/Mar/2026 16:37:16] "GET /static/admin/js/SelectFilter2.js HTTP/1.1" 200 15845
[25/Mar/2026 16:37:16] "GET /static/admin/js/SelectBox.js HTTP/1.1" 200 4530
[25/Mar/2026 16:37:16] "GET /static/admin/css/widgets.css HTTP/1.1" 200 11973
[25/Mar/2026 16:37:16] "GET /static/admin/js/change_form.js HTTP/1.1" 200 606
[25/Mar/2026 16:37:17] "GET /static/admin/img/icon-clock.svg HTTP/1.1" 200 677
[25/Mar/2026 16:37:17] "GET /static/admin/img/selector-icons.svg HTTP/1.1" 200 3291
[25/Mar/2026 16:37:17] "GET /static/admin/img/icon-calendar.svg HTTP/1.1" 200 1086
[25/Mar/2026 16:37:47] "OPTIONS /api/solicitors/ HTTP/1.1" 200 0
[25/Mar/2026 16:37:47] "GET /api/solicitors/ HTTP/1.1" 200 75497
[25/Mar/2026 16:37:51] "GET /api/solicitors/ HTTP/1.1" 200 75497
[25/Mar/2026 16:37:51] "GET /api/auth/me/ HTTP/1.1" 200 231
[25/Mar/2026 16:37:51] "GET /api/auth/me/ HTTP/1.1" 200 231
[25/Mar/2026 16:38:03] "OPTIONS /api/matching/questionnaire/?schema=true HTTP/1.1" 200 0
[25/Mar/2026 16:38:04] "GET /api/matching/questionnaire/?schema=true HTTP/1.1" 200 433
[25/Mar/2026 16:38:12] "OPTIONS /api/conversations/ HTTP/1.1" 200 0
[25/Mar/2026 16:38:12] "GET /api/conversations/ HTTP/1.1" 200 4996
[25/Mar/2026 16:38:13] "OPTIONS /api/conversations/1/mark_read/ HTTP/1.1" 200 0
[25/Mar/2026 16:38:13] "POST /api/conversations/1/mark_read/ HTTP/1.1" 200 39
[25/Mar/2026 16:38:13] "GET /api/conversations/ HTTP/1.1" 200 4995
[25/Mar/2026 16:38:23] "GET /api/conversations/ HTTP/1.1" 200 4995
[25/Mar/2026 16:38:33] "GET /api/conversations/ HTTP/1.1" 200 4995
[25/Mar/2026 16:38:45] "GET /admin/accounts/customerprofile/ HTTP/1.1" 200 28884
[25/Mar/2026 16:38:45] "GET /admin/jsi18n/ HTTP/1.1" 200 5754
[25/Mar/2026 16:38:50] "GET /admin/accounts/customerprofile/60/change/ HTTP/1.1" 200 25201
[25/Mar/2026 16:38:50] "GET /admin/jsi18n/ HTTP/1.1" 200 5754
[25/Mar/2026 16:39:01] "GET /admin/accounts/user/ HTTP/1.1" 200 64563
[25/Mar/2026 16:39:01] "GET /admin/jsi18n/ HTTP/1.1" 200 5754
[25/Mar/2026 16:39:05] "GET /admin/accounts/user/3/change/ HTTP/1.1" 200 31310
[25/Mar/2026 16:39:05] "GET /admin/jsi18n/ HTTP/1.1" 200 5754
[25/Mar/2026 16:39:12] "GET /admin/accounts/user/3/password/ HTTP/1.1" 200 10443
[25/Mar/2026 16:39:13] "GET /static/admin/css/unusable_password_field.css HTTP/1.1" 200 663
[25/Mar/2026 16:39:13] "GET /static/admin/js/unusable_password_field.js HTTP/1.1" 200 1480
[25/Mar/2026 16:39:26] "GET /static/admin/img/icon-alert.svg HTTP/1.1" 200 504
[25/Mar/2026 16:39:34] "POST /admin/accounts/user/3/password/ HTTP/1.1" 302 0
[25/Mar/2026 16:39:34] "GET /admin/accounts/user/3/change/ HTTP/1.1" 200 31222
[25/Mar/2026 16:39:34] "GET /admin/jsi18n/ HTTP/1.1" 200 5754
